[debug] [2022-01-10T21:53:52.222Z] ----------------------------------------------------------------------
[debug] [2022-01-10T21:53:52.226Z] Command:       C:\Program Files\nodejs\node.exe C:\Users\seimp\AppData\Roaming\npm\node_modules\firebase-tools\lib\bin\firebase.js emulators:start
[debug] [2022-01-10T21:53:52.227Z] CLI Version:   10.0.1
[debug] [2022-01-10T21:53:52.227Z] Platform:      win32
[debug] [2022-01-10T21:53:52.227Z] Node Version:  v14.16.1
[debug] [2022-01-10T21:53:52.229Z] Time:          Mon Jan 10 2022 16:53:52 GMT-0500 (hora estándar de Colombia)
[debug] [2022-01-10T21:53:52.229Z] ----------------------------------------------------------------------
[debug] 
[debug] [2022-01-10T21:53:52.302Z] > command requires scopes: ["email","openid","https://www.googleapis.com/auth/cloudplatformprojects.readonly","https://www.googleapis.com/auth/firebase","https://www.googleapis.com/auth/cloud-platform"]
[debug] [2022-01-10T21:53:52.302Z] > authorizing via signed-in user (johann.devfull@gmail.com)
[info] i  emulators: Starting emulators: hosting {"metadata":{"emulator":{"name":"hub"},"message":"Starting emulators: hosting"}}
[debug] [2022-01-10T21:53:52.330Z] [hub] writing locator at C:\Users\seimp\AppData\Local\Temp\hub-app-angular-7a23d.json
[debug] [2022-01-10T21:53:52.359Z] > refreshing access token with scopes: []
[debug] [2022-01-10T21:53:52.359Z] >>> HTTP REQUEST POST https://www.googleapis.com/oauth2/v3/token  
 <request body omitted>
[debug] [2022-01-10T21:53:52.575Z] <<< HTTP RESPONSE 200 {"pragma":"no-cache","cache-control":"no-cache, no-store, max-age=0, must-revalidate","expires":"Mon, 01 Jan 1990 00:00:00 GMT","date":"Mon, 10 Jan 2022 21:53:50 GMT","content-type":"application/json; charset=utf-8","vary":"X-Origin, Referer, Origin,Accept-Encoding","server":"scaffolding on HTTPServer2","x-xss-protection":"0","x-frame-options":"SAMEORIGIN","x-content-type-options":"nosniff","alt-svc":"h3=\":443\"; ma=2592000,h3-29=\":443\"; ma=2592000,h3-Q050=\":443\"; ma=2592000,h3-Q046=\":443\"; ma=2592000,h3-Q043=\":443\"; ma=2592000,quic=\":443\"; ma=2592000; v=\"46,43\"","accept-ranges":"none","transfer-encoding":"chunked"}
[debug] [2022-01-10T21:53:52.600Z] >>> [apiv2][query] GET https://firebasehosting.googleapis.com/v1beta1/projects/app-angular-7a23d/sites 
[debug] [2022-01-10T21:53:53.380Z] <<< [apiv2][status] GET https://firebasehosting.googleapis.com/v1beta1/projects/app-angular-7a23d/sites 200
[debug] [2022-01-10T21:53:53.380Z] <<< [apiv2][body] GET https://firebasehosting.googleapis.com/v1beta1/projects/app-angular-7a23d/sites {"sites":[{"name":"projects/767183021921/sites/app-angular-7a23d","defaultUrl":"https://app-angular-7a23d.web.app","type":"DEFAULT_SITE"},{"name":"projects/767183021921/sites/app-myagenda","defaultUrl":"https://app-myagenda.web.app","appId":"1:767183021921:web:4d8eba5fd96cf7b4110720","type":"USER_SITE"},{"name":"projects/767183021921/sites/test-myagenda","defaultUrl":"https://test-myagenda.web.app","type":"USER_SITE"}]}
[debug] [2022-01-10T21:53:53.381Z] >>> [apiv2][query] GET https://firebase.googleapis.com/v1beta1/projects/app-angular-7a23d/webApps/-/config [none]
[debug] [2022-01-10T21:53:53.956Z] <<< [apiv2][status] GET https://firebase.googleapis.com/v1beta1/projects/app-angular-7a23d/webApps/-/config 200
[debug] [2022-01-10T21:53:53.957Z] <<< [apiv2][body] GET https://firebase.googleapis.com/v1beta1/projects/app-angular-7a23d/webApps/-/config {"projectId":"app-angular-7a23d","appId":"1:767183021921:web:4d8eba5fd96cf7b4110720","storageBucket":"app-angular-7a23d.appspot.com","apiKey":"AIzaSyAWpeKxLo2VMi48cbF5IeHcP0ccBm_84Gg","authDomain":"app-angular-7a23d.firebaseapp.com","messagingSenderId":"767183021921","measurementId":"G-ZDJBEG5TE3"}
[info] i  hosting[app-myagenda]: Serving hosting files from: dist/angular-myagenda {"metadata":{"emulator":{"name":"hosting"},"message":"Serving hosting files from: \u001b[1mdist/angular-myagenda\u001b[22m"}}
[info] +  hosting[app-myagenda]: Local server: http://127.0.0.1:5000 {"metadata":{"emulator":{"name":"hosting"},"message":"Local server: \u001b[4m\u001b[1mhttp://127.0.0.1:5000\u001b[22m\u001b[24m"}}
[warn] !  emulators: The Emulator UI requires a project ID to start. Configure your default project with 'firebase use' or pass the --project flag. {"metadata":{"emulator":{"name":"hub"},"message":"The Emulator UI requires a project ID to start. Configure your default project with 'firebase use' or pass the --project flag."}}
[info] 
┌─────────────────────────────────────────────────────────────┐
│ ✔  All emulators ready! It is now safe to connect your app. │
└─────────────────────────────────────────────────────────────┘

┌──────────┬────────────────┐
│ Emulator │ Host:Port      │
├──────────┼────────────────┤
│ Hosting  │ 127.0.0.1:5000 │
└──────────┴────────────────┘
  Emulator Hub running at localhost:4400
  Other reserved ports: None

Issues? Report them at https://github.com/firebase/firebase-tools/issues and attach the *-debug.log files.
 
[info] i  hosting: 127.0.0.1 - - [10/Jan/2022:21:54:17 +0000] "GET / HTTP/1.1" 200 528 "-" "Mozilla/5.0 (Windows NT 10.0; Win64; x64) AppleWebKit/537.36 (KHTML, like Gecko) Chrome/96.0.4664.110 Safari/537.36" {"metadata":{"emulator":{"name":"hosting"},"message":"127.0.0.1 - - [10/Jan/2022:21:54:17 +0000] \"GET / HTTP/1.1\" 200 528 \"-\" \"Mozilla/5.0 (Windows NT 10.0; Win64; x64) AppleWebKit/537.36 (KHTML, like Gecko) Chrome/96.0.4664.110 Safari/537.36\""}}
[info] i  hosting: 127.0.0.1 - - [10/Jan/2022:21:58:07 +0000] "GET / HTTP/1.1" 200 528 "-" "Mozilla/5.0 (Windows NT 10.0; Win64; x64) AppleWebKit/537.36 (KHTML, like Gecko) Chrome/96.0.4664.110 Safari/537.36" {"metadata":{"emulator":{"name":"hosting"},"message":"127.0.0.1 - - [10/Jan/2022:21:58:07 +0000] \"GET / HTTP/1.1\" 200 528 \"-\" \"Mozilla/5.0 (Windows NT 10.0; Win64; x64) AppleWebKit/537.36 (KHTML, like Gecko) Chrome/96.0.4664.110 Safari/537.36\""}}
